d:\桌面\剑指offer\project1\project1\debug\vc141.pdb
d:\桌面\剑指offer\project1\project1\debug\vc141.idb
d:\桌面\剑指offer\project1\project1\debug\rbtree.obj
d:\桌面\剑指offer\project1\project1\debug\solution.obj
d:\桌面\剑指offer\project1\project1\debug\main.obj
d:\桌面\剑指offer\project1\project1\debug\sort.obj
d:\桌面\剑指offer\project1\project1\debug\leetcode.obj
d:\桌面win10\百度云同步盘\百度云同步盘\剑指offer\project1\project1\debug\vc141.pdb
d:\桌面win10\百度云同步盘\百度云同步盘\剑指offer\project1\project1\debug\vc141.idb
d:\桌面win10\百度云同步盘\百度云同步盘\剑指offer\project1\project1\debug\leetcode.obj
d:\桌面win10\百度云同步盘\百度云同步盘\剑指offer\project1\project1\debug\rbtree.obj
d:\桌面win10\百度云同步盘\百度云同步盘\剑指offer\project1\project1\debug\solution.obj
d:\桌面\剑指offer\project1\debug\project1.ilk
d:\桌面\剑指offer\project1\debug\project1.exe
d:\桌面\剑指offer\project1\debug\project1.pdb
d:\桌面win10\百度云同步盘\百度云同步盘\剑指offer\project1\project1\debug\main.obj
d:\桌面win10\百度云同步盘\百度云同步盘\剑指offer\project1\project1\debug\sort.obj
d:\桌面win10\百度云同步盘\百度云同步盘\剑指offer\project1\debug\project1.pdb
d:\桌面win10\百度云同步盘\百度云同步盘\剑指offer\project1\debug\project1.exe
d:\桌面win10\百度云同步盘\百度云同步盘\剑指offer\project1\debug\project1.ilk
d:\桌面win10\百度云同步盘\百度云同步盘\剑指offer\project1\project1\debug\project1.tlog\cl.command.1.tlog
d:\桌面win10\百度云同步盘\百度云同步盘\剑指offer\project1\project1\debug\project1.tlog\cl.read.1.tlog
d:\桌面win10\百度云同步盘\百度云同步盘\剑指offer\project1\project1\debug\project1.tlog\cl.write.1.tlog
d:\桌面win10\百度云同步盘\百度云同步盘\剑指offer\project1\project1\debug\project1.tlog\link.command.1.tlog
d:\桌面win10\百度云同步盘\百度云同步盘\剑指offer\project1\project1\debug\project1.tlog\link.read.1.tlog
d:\桌面win10\百度云同步盘\百度云同步盘\剑指offer\project1\project1\debug\project1.tlog\link.write.1.tlog
